<?xml version="1.0" encoding="UTF-8"?>
<!-- Generated by org.testng.reporters.JUnitReportReporter -->
<testsuite hostname="Sagar" name="com.signup.signuppage" tests="1" failures="0" timestamp="15 Aug 2020 08:43:40 GMT" time="137.334" errors="0">
  <testcase name="signupTest" time="137.334" classname="com.signup.signuppage"/>
</testsuite> <!-- com.signup.signuppage -->
