<?xml version="1.0" encoding="UTF-8"?>
<!-- Generated by org.testng.reporters.JUnitReportReporter -->
<testsuite hostname="Sagar" name="com.signup.LogInPage" tests="1" failures="0" timestamp="15 Aug 2020 09:16:19 GMT" time="73.900" errors="0">
  <testcase name="LogInTest" time="73.900" classname="com.signup.LogInPage"/>
</testsuite> <!-- com.signup.LogInPage -->
